<?xml version="1.0" encoding="UTF-8"?>
<testng-results ignored="0" total="2" passed="2" failed="0" skipped="0">
  <reporter-output>
  </reporter-output>
  <suite started-at="2023-05-06T21:48:37 IST" name="Default suite" finished-at="2023-05-06T21:48:48 IST" duration-ms="11413">
    <groups>
    </groups>
    <test started-at="2023-05-06T21:48:37 IST" name="Default test" finished-at="2023-05-06T21:48:48 IST" duration-ms="11413">
      <class name="com.primesoft.runner.TestRunner">
        <test-method is-config="true" signature="browserLaunch()[pri:0, instance:com.primesoft.runner.TestRunner@73eb439a]" started-at="2023-05-06T21:48:30 IST" name="browserLaunch" finished-at="2023-05-06T21:48:37 IST" duration-ms="7101" status="PASS">
          <reporter-output>
          </reporter-output>
        </test-method> <!-- browserLaunch -->
        <test-method signature="searchMovies()[pri:0, instance:com.primesoft.runner.TestRunner@73eb439a]" started-at="2023-05-06T21:48:37 IST" name="searchMovies" finished-at="2023-05-06T21:48:38 IST" duration-ms="1068" status="PASS">
          <reporter-output>
          </reporter-output>
        </test-method> <!-- searchMovies -->
        <test-method signature="watchMovies()[pri:0, instance:com.primesoft.runner.TestRunner@73eb439a]" started-at="2023-05-06T21:48:38 IST" name="watchMovies" finished-at="2023-05-06T21:48:48 IST" duration-ms="10211" status="PASS">
          <reporter-output>
          </reporter-output>
        </test-method> <!-- watchMovies -->
      </class> <!-- com.primesoft.runner.TestRunner -->
    </test> <!-- Default test -->
  </suite> <!-- Default suite -->
</testng-results>
